<?xml version="1.0" encoding="UTF-8"?>
<testng-results ignored="0" total="1" passed="1" failed="0" skipped="0">
  <reporter-output>
  </reporter-output>
  <suite started-at="2023-05-28T15:19:03 IST" name="Default suite" finished-at="2023-05-28T15:19:24 IST" duration-ms="21212">
    <groups>
    </groups>
    <test started-at="2023-05-28T15:19:03 IST" name="Default test" finished-at="2023-05-28T15:19:24 IST" duration-ms="21212">
      <class name="testCases.LoginTestCase">
        <test-method is-config="true" signature="setupBeforeMethod()[pri:0, instance:testCases.LoginTestCase@1725dc0f]" started-at="2023-05-28T15:19:03 IST" name="setupBeforeMethod" finished-at="2023-05-28T15:19:13 IST" duration-ms="10484" status="PASS">
          <reporter-output>
          </reporter-output>
        </test-method> <!-- setupBeforeMethod -->
        <test-method signature="verifyLoginFunctionality()[pri:0, instance:testCases.LoginTestCase@1725dc0f]" started-at="2023-05-28T15:19:13 IST" name="verifyLoginFunctionality" finished-at="2023-05-28T15:19:23 IST" duration-ms="10325" status="PASS">
          <reporter-output>
          </reporter-output>
        </test-method> <!-- verifyLoginFunctionality -->
        <test-method is-config="true" signature="afterTest()[pri:0, instance:testCases.LoginTestCase@1725dc0f]" started-at="2023-05-28T15:19:23 IST" name="afterTest" finished-at="2023-05-28T15:19:24 IST" duration-ms="345" status="PASS">
          <reporter-output>
          </reporter-output>
        </test-method> <!-- afterTest -->
      </class> <!-- testCases.LoginTestCase -->
    </test> <!-- Default test -->
  </suite> <!-- Default suite -->
</testng-results>
